<?xml version="1.0" encoding="UTF-8" ?>
<testsuites>
  <testsuite errors="0" failures="1" hostname="Asistente-PC" id="0" name="GroupControllerTests" package="unacloud2" tests="1" time="2.474" timestamp="2013-09-02T22:58:13">
      <properties />

      <testcase classname="unacloud2.GroupControllerTests" name="testSomething" time="2.244">
          <failure message="junit.framework.AssertionFailedError: Implement me" type="junit.framework.AssertionFailedError">junit.framework.AssertionFailedError: junit.framework.AssertionFailedError: Implement me
	at unacloud2.GroupControllerTests.testSomething(GroupControllerTests.groovy:13)
</failure>

      </testcase>

      <system-out><![CDATA[--Output from testSomething--
]]></system-out>

      <system-err><![CDATA[--Output from testSomething--
]]></system-err>

  </testsuite>
  <testsuite errors="0" failures="1" hostname="Asistente-PC" id="1" name="HypervisorControllerTests" package="unacloud2" tests="1" time="0.331" timestamp="2013-09-02T22:58:15">
      <properties />

      <testcase classname="unacloud2.HypervisorControllerTests" name="testSomething" time="0.194">
          <failure message="junit.framework.AssertionFailedError: Implement me" type="junit.framework.AssertionFailedError">junit.framework.AssertionFailedError: junit.framework.AssertionFailedError: Implement me
	at unacloud2.HypervisorControllerTests.testSomething(HypervisorControllerTests.groovy:13)
</failure>

      </testcase>

      <system-out><![CDATA[--Output from testSomething--
]]></system-out>

      <system-err><![CDATA[--Output from testSomething--
]]></system-err>

  </testsuite>
  <testsuite errors="0" failures="1" hostname="Asistente-PC" id="2" name="LaboratoryControllerTests" package="unacloud2" tests="1" time="0.387" timestamp="2013-09-02T22:58:15">
      <properties />

      <testcase classname="unacloud2.LaboratoryControllerTests" name="testSomething" time="0.216">
          <failure message="junit.framework.AssertionFailedError: Implement me" type="junit.framework.AssertionFailedError">junit.framework.AssertionFailedError: junit.framework.AssertionFailedError: Implement me
	at unacloud2.LaboratoryControllerTests.testSomething(LaboratoryControllerTests.groovy:13)
</failure>

      </testcase>

      <system-out><![CDATA[--Output from testSomething--
]]></system-out>

      <system-err><![CDATA[--Output from testSomething--
]]></system-err>

  </testsuite>
  <testsuite errors="0" failures="1" hostname="Asistente-PC" id="3" name="OperatingSystemControllerTests" package="unacloud2" tests="1" time="0.523" timestamp="2013-09-02T22:58:16">
      <properties />

      <testcase classname="unacloud2.OperatingSystemControllerTests" name="testSomething" time="0.302">
          <failure message="junit.framework.AssertionFailedError: Implement me" type="junit.framework.AssertionFailedError">junit.framework.AssertionFailedError: junit.framework.AssertionFailedError: Implement me
	at unacloud2.OperatingSystemControllerTests.testSomething(OperatingSystemControllerTests.groovy:15)
</failure>

      </testcase>

      <system-out><![CDATA[--Output from testSomething--
]]></system-out>

      <system-err><![CDATA[--Output from testSomething--
]]></system-err>

  </testsuite>
  <testsuite errors="0" failures="1" hostname="Asistente-PC" id="4" name="TestControllerTests" package="unacloud2" tests="1" time="0.429" timestamp="2013-09-02T22:58:16">
      <properties />

      <testcase classname="unacloud2.TestControllerTests" name="testSomething" time="0.261">
          <failure message="junit.framework.AssertionFailedError: Implement me" type="junit.framework.AssertionFailedError">junit.framework.AssertionFailedError: junit.framework.AssertionFailedError: Implement me
	at unacloud2.TestControllerTests.testSomething(TestControllerTests.groovy:17)
</failure>

      </testcase>

      <system-out><![CDATA[--Output from testSomething--
]]></system-out>

      <system-err><![CDATA[--Output from testSomething--
]]></system-err>

  </testsuite>
  <testsuite errors="0" failures="1" hostname="Asistente-PC" id="5" name="VirtualMachineImageControllerTests" package="unacloud2" tests="1" time="0.381" timestamp="2013-09-02T22:58:17">
      <properties />

      <testcase classname="unacloud2.VirtualMachineImageControllerTests" name="testSomething" time="0.379">
          <failure message="junit.framework.AssertionFailedError: Implement me" type="junit.framework.AssertionFailedError">junit.framework.AssertionFailedError: junit.framework.AssertionFailedError: Implement me
	at unacloud2.VirtualMachineImageControllerTests.testSomething(VirtualMachineImageControllerTests.groovy:13)
</failure>

      </testcase>

      <system-out><![CDATA[--Output from testSomething--
]]></system-out>

      <system-err><![CDATA[--Output from testSomething--
]]></system-err>

  </testsuite>
</testsuites>
